============================= test session starts ==============================
platform darwin -- Python 3.13.12, pytest-9.0.3, pluggy-1.6.0
benchmark: 5.2.3 (defaults: timer=time.perf_counter disable_gc=False min_rounds=5 min_time=0.000005 max_time=1.0 calibration_precision=10 warmup=False warmup_iterations=100000)
rootdir: /Users/ericjanusson/Programming/MassFlow
configfile: pyproject.toml
plugins: benchmark-5.2.3, cov-7.1.0, anyio-4.13.0
collected 214 items

tests/benchmarks/test_matching_latency.py ..                             [  0%]
tests/benchmarks/test_performance.py ..                                  [  1%]
tests/scientific_validation/test_ground_truth_anchor.py .                [  2%]
tests/test_adduct_validation.py ........                                 [  6%]
tests/test_annotation_coverage.py .....                                  [  8%]
tests/test_cascade_end_to_end.py .                                       [  8%]
tests/test_cascade_performance.py .                                      [  9%]
tests/test_cheminformatics.py ......                                     [ 12%]
tests/test_cli.py .............                                          [ 18%]
tests/test_cli_db.py .......                                             [ 21%]
tests/test_config.py .........                                           [ 25%]
tests/test_consensus.py ..........                                       [ 30%]
tests/test_consensus_credibility.py ..                                   [ 31%]
tests/test_consensus_logic.py ....                                       [ 33%]
tests/test_convert.py .......                                            [ 36%]
tests/test_core_edge_cases.py .........                                  [ 40%]
tests/test_database.py .......                                           [ 43%]
tests/test_decoy_generation.py ...                                       [ 45%]
tests/test_end_to_end_mvp.py .                                           [ 45%]
tests/test_failure_modes.py ...                                          [ 47%]
tests/test_fdr.py ....                                                   [ 49%]
tests/test_final_coverage.py ...                                         [ 50%]
tests/test_io.py ...............                                         [ 57%]
tests/test_io_validation_layer.py ...                                    [ 58%]
tests/test_isotopic_distribution.py ...                                  [ 60%]
tests/test_migrations.py ....                                            [ 62%]
tests/test_models.py ......                                              [ 64%]
tests/test_ms1_prefilter.py ...                                          [ 66%]
tests/test_networking.py .....                                           [ 68%]
tests/test_new_models.py ....                                            [ 70%]
tests/test_processing.py ................                                [ 78%]
tests/test_scientific_boundaries.py .....F                               [ 80%]
tests/test_scientific_failures.py ....                                   [ 82%]
tests/test_similarity.py .........                                       [ 86%]
tests/test_similarity_engine.py ...                                      [ 88%]
tests/test_validation_scenarios.py ..                                    [ 89%]
tests/test_visualization.py ..                                           [ 90%]
tests/test_workflow.py .....................                             [100%]

=================================== FAILURES ===================================
_______________________ test_heavy_isotope_purity_check ________________________

    def test_heavy_isotope_purity_check():
        """
        Check isotopic envelope for a molecule with only Carbon-13 (RDKit handling).
        While rare in standard metabolomics, boundary cases like this test the underlying logic.
        """
        # SMILES with explicit C13
        smiles_c13 = "[13C]1=[13C][13C]=[13C][13C]=[13C]1"
        envelope = calculate_isotopic_envelope(smiles_c13)

        # The monoisotopic mass of C13-Benzene is ~84.04 (vs 78.04)
        # The envelope should be shifted
>       assert envelope[0][0] > 84.0
E       assert 72.0 > 84.0

tests/test_scientific_boundaries.py:154: AssertionError

---------------------------------------------------------------------------------- benchmark 'dataframe_construction': 2 tests -----------------------------------------------------------------------------------
Name (time in ms)                                    Min                 Max               Mean             StdDev             Median               IQR            Outliers      OPS            Rounds  Iterations
------------------------------------------------------------------------------------------------------------------------------------------------------------------------------------------------------------------
test_build_results_dataframe_minimal_results     62.2088 (1.0)       63.4323 (1.0)      62.6482 (1.0)       0.3683 (1.0)      62.5477 (1.0)      0.6210 (1.0)           7;0  15.9621 (1.0)          16           1
test_build_results_dataframe_performance         71.2108 (1.14)     166.4801 (2.62)     78.8064 (1.26)     25.2393 (68.53)    72.1843 (1.15)     0.9187 (1.48)          1;1  12.6893 (0.79)         14           1
------------------------------------------------------------------------------------------------------------------------------------------------------------------------------------------------------------------

------------------------------------------------------------------------------------------ benchmark 'similarity_engine': 2 tests ------------------------------------------------------------------------------------------
Name (time in ms)                                 Min                    Max                   Mean              StdDev                 Median                 IQR            Outliers     OPS            Rounds  Iterations
----------------------------------------------------------------------------------------------------------------------------------------------------------------------------------------------------------------------------
test_matching_latency_cosine                   8.5204 (1.0)         934.4610 (1.0)         317.2616 (1.0)      534.5104 (15.14)         8.8033 (1.0)      694.4555 (13.88)         1;0  3.1520 (1.0)           3           1
test_matching_latency_modified_cosine     10,009.7478 (>1000.0)  10,076.4770 (10.78)    10,036.4418 (31.63)     35.3085 (1.0)      10,023.1005 (>1000.0)   50.0469 (1.0)           1;0  0.0996 (0.03)          3           1
----------------------------------------------------------------------------------------------------------------------------------------------------------------------------------------------------------------------------

Legend:
  Outliers: 1 Standard Deviation from Mean; 1.5 IQR (InterQuartile Range) from 1st Quartile and 3rd Quartile.
  OPS: Operations Per Second, computed as 1 / Mean
=========================== short test summary info ============================
FAILED tests/test_scientific_boundaries.py::test_heavy_isotope_purity_check
======================== 1 failed, 213 passed in 45.43s ========================
