============================= test session starts ==============================
platform darwin -- Python 3.13.12, pytest-9.0.3, pluggy-1.6.0
benchmark: 5.2.3 (defaults: timer=time.perf_counter disable_gc=False min_rounds=5 min_time=0.000005 max_time=1.0 calibration_precision=10 warmup=False warmup_iterations=100000)
rootdir: /Users/ericjanusson/Programming/MassFlow
configfile: pyproject.toml
plugins: benchmark-5.2.3, cov-7.1.0, anyio-4.13.0
collected 213 items

tests/benchmarks/test_matching_latency.py ..                             [  0%]
tests/benchmarks/test_performance.py ..                                  [  1%]
tests/scientific_validation/test_ground_truth_anchor.py .                [  2%]
tests/test_adduct_validation.py ........                                 [  6%]
tests/test_annotation_coverage.py .....                                  [  8%]
tests/test_cascade_end_to_end.py .                                       [  8%]
tests/test_cascade_performance.py .                                      [  9%]
tests/test_cheminformatics.py ......                                     [ 12%]
tests/test_cli.py .............                                          [ 18%]
tests/test_cli_db.py .......                                             [ 21%]
tests/test_config.py .........                                           [ 25%]
tests/test_consensus.py ..........                                       [ 30%]
tests/test_consensus_credibility.py ..                                   [ 31%]
tests/test_consensus_logic.py ....                                       [ 33%]
tests/test_convert.py .......                                            [ 36%]
tests/test_core_edge_cases.py .........                                  [ 40%]
tests/test_database.py .......                                           [ 44%]
tests/test_decoy_generation.py ...                                       [ 45%]
tests/test_end_to_end_mvp.py .                                           [ 46%]
tests/test_failure_modes.py ...                                          [ 47%]
tests/test_fdr.py ....                                                   [ 49%]
tests/test_final_coverage.py ...                                         [ 50%]
tests/test_io.py ...............                                         [ 57%]
tests/test_io_validation_layer.py ...                                    [ 59%]
tests/test_isotopic_distribution.py ...                                  [ 60%]
tests/test_migrations.py ....                                            [ 62%]
tests/test_models.py ......                                              [ 65%]
tests/test_ms1_prefilter.py ...                                          [ 66%]
tests/test_networking.py .....                                           [ 69%]
tests/test_new_models.py ....                                            [ 70%]
tests/test_processing.py ................                                [ 78%]
tests/test_scientific_boundaries.py ..F..                                [ 80%]
tests/test_scientific_failures.py ....                                   [ 82%]
tests/test_similarity.py .........                                       [ 86%]
tests/test_similarity_engine.py ...                                      [ 88%]
tests/test_validation_scenarios.py ..                                    [ 89%]
tests/test_visualization.py ..                                           [ 90%]
tests/test_workflow.py .....................                             [100%]

=================================== FAILURES ===================================
__________________ test_highly_halogenated_isotopic_envelope ___________________

    def test_highly_halogenated_isotopic_envelope():
        """
        Test isotopic envelope for molecules with high Chlorine/Bromine content.
        These have very distinct M+2 peaks.
        """
        # Hexachlorobenzene
        smiles = "C1(Cl)=C(Cl)C(Cl)=C(Cl)C(Cl)=C1Cl"
>       envelope = calculate_isotopic_envelope(smiles, max_isopeaks=5)
                   ^^^^^^^^^^^^^^^^^^^^^^^^^^^^^^^^^^^^^^^^^^^^^^^^^^^
E       TypeError: calculate_isotopic_envelope() got an unexpected keyword argument 'max_isopeaks'

tests/test_scientific_boundaries.py:83: TypeError

----------------------------------------------------------------------------------- benchmark 'dataframe_construction': 2 tests ------------------------------------------------------------------------------------
Name (time in ms)                                    Min                 Max                Mean             StdDev             Median                IQR            Outliers      OPS            Rounds  Iterations
--------------------------------------------------------------------------------------------------------------------------------------------------------------------------------------------------------------------
test_build_results_dataframe_minimal_results     85.9781 (1.0)       99.2610 (1.0)       91.0102 (1.0)       4.4904 (1.0)      90.1851 (1.0)       6.0010 (1.0)           4;0  10.9878 (1.0)          12           1
test_build_results_dataframe_performance         90.7113 (1.06)     254.4825 (2.56)     118.5762 (1.30)     55.2768 (12.31)    98.7831 (1.10)     12.7968 (2.13)          1;1   8.4334 (0.77)          8           1
--------------------------------------------------------------------------------------------------------------------------------------------------------------------------------------------------------------------

--------------------------------------------------------------------------------------------- benchmark 'similarity_engine': 2 tests ---------------------------------------------------------------------------------------------
Name (time in ms)                                 Min                    Max                   Mean                 StdDev                 Median                    IQR            Outliers     OPS            Rounds  Iterations
----------------------------------------------------------------------------------------------------------------------------------------------------------------------------------------------------------------------------------
test_matching_latency_cosine                  30.1815 (1.0)       1,781.2267 (1.0)         615.2777 (1.0)       1,009.7437 (1.0)          34.4249 (1.0)       1,313.2839 (1.0)           1;0  1.6253 (1.0)           3           1
test_matching_latency_modified_cosine     10,200.7470 (337.98)   31,143.6375 (17.48)    20,000.7358 (32.51)    10,535.8306 (10.43)    18,657.8230 (541.99)   15,707.1678 (11.96)         1;0  0.0500 (0.03)          3           1
----------------------------------------------------------------------------------------------------------------------------------------------------------------------------------------------------------------------------------

Legend:
  Outliers: 1 Standard Deviation from Mean; 1.5 IQR (InterQuartile Range) from 1st Quartile and 3rd Quartile.
  OPS: Operations Per Second, computed as 1 / Mean
=========================== short test summary info ============================
FAILED tests/test_scientific_boundaries.py::test_highly_halogenated_isotopic_envelope
=================== 1 failed, 212 passed in 83.13s (0:01:23) ===================
